PS C:\OCRFORMATION\DEVOPS\PROJET02\OCRDEVOPS_P02\etu-biblio-back> mvn test
[INFO] Scanning for projects...
[INFO]
[INFO] ----------------< com.openclassrooms:etudiant-backend >-----------------
[INFO] Building etudiant-backend 1.0.0-SNAPSHOT
[INFO]   from pom.xml
[INFO] --------------------------------[ jar ]---------------------------------
[INFO]
[INFO] --- resources:3.3.1:resources (default-resources) @ etudiant-backend ---
[INFO] Copying 1 resource from src\main\resources to target\classes
[INFO] Copying 0 resource from src\main\resources to target\classes
[INFO]
[INFO] --- compiler:3.14.0:compile (default-compile) @ etudiant-backend ---
[INFO] Nothing to compile - all classes are up to date.
[INFO]
[INFO] --- resources:3.3.1:testResources (default-testResources) @ etudiant-backend ---
[INFO] skip non existing resourceDirectory C:\OCRFORMATION\DEVOPS\PROJET02\OCRDEVOPS_P02\etu-biblio-back\src\test\resources
[INFO]
[INFO] --- compiler:3.14.0:testCompile (default-testCompile) @ etudiant-backend ---
[INFO] Recompiling the module because of changed source code.
[INFO] Compiling 4 source files with javac [debug parameters release 21] to target\test-classes
[INFO]
[INFO] --- surefire:3.5.3:test (default-test) @ etudiant-backend ---
[INFO] Using auto detected provider org.apache.maven.surefire.junitplatform.JUnitPlatformProvider
[INFO]
[INFO] -------------------------------------------------------
[INFO]  T E S T S
[INFO] -------------------------------------------------------
[INFO] Running com.openclassrooms.etudiant.configuration.security.CustomUserDetailServiceTest
Mockito is currently self-attaching to enable the inline-mock-maker. This will no longer work in future releases of the JDK. Please add Mockito as an agent to your build as described in Mockito's documentation: https://javadoc.io/doc/org.mockito/mockito-core/latest/org.mockito/org/mockito/Mockito.html#0.3
WARNING: A Java agent has been loaded dynamically (C:\Users\snguyen\.m2\repository\net\bytebuddy\byte-buddy-agent\1.17.7\byte-buddy-agent-1.17.7.jar)
WARNING: If a serviceability tool is in use, please run with -XX:+EnableDynamicAgentLoading to hide this warning
WARNING: If a serviceability tool is not in use, please run with -Djdk.instrument.traceUsage for more information
WARNING: Dynamic loading of agents will be disallowed by default in a future release
Java HotSpot(TM) 64-Bit Server VM warning: Sharing is only supported for boot loader classes because bootstrap classpath has been appended
[INFO] Tests run: 2, Failures: 0, Errors: 0, Skipped: 0, Time elapsed: 3.401 s -- in com.openclassrooms.etudiant.configuration.security.CustomUserDetailServiceTest
[INFO] Running com.openclassrooms.etudiant.service.JwtServiceTest
[INFO] Tests run: 4, Failures: 0, Errors: 0, Skipped: 0, Time elapsed: 0.908 s -- in com.openclassrooms.etudiant.service.JwtServiceTest
[INFO] Running com.openclassrooms.etudiant.service.StudentServiceTest
[INFO] Tests run: 3, Failures: 0, Errors: 0, Skipped: 0, Time elapsed: 0.203 s -- in com.openclassrooms.etudiant.service.StudentServiceTest
[INFO] Running com.openclassrooms.etudiant.service.UserServiceTest
16:13:45.705 [main] INFO org.springframework.test.context.support.AnnotationConfigContextLoaderUtils -- Could not detect default configuration classes for test class [com.openclassrooms.etudiant.service.UserServiceTest]: UserServiceTest does not declare any static, non-private, non-final, nested classes annotated with @Configuration.
16:13:46.829 [main] INFO com.openclassrooms.etudiant.service.UserService -- Registering new user
16:13:46.857 [main] INFO com.openclassrooms.etudiant.service.UserService -- Registering new user
[INFO] Tests run: 9, Failures: 0, Errors: 0, Skipped: 0, Time elapsed: 1.424 s -- in com.openclassrooms.etudiant.service.UserServiceTest
[INFO]
[INFO] Results:
[INFO]
[INFO] Tests run: 18, Failures: 0, Errors: 0, Skipped: 0
[INFO]
[INFO] ------------------------------------------------------------------------
[INFO] BUILD SUCCESS
[INFO] ------------------------------------------------------------------------
[INFO] Total time:  21.438 s
[INFO] Finished at: 2026-01-23T16:13:47+01:00
[INFO] ------------------------------------------------------------------------
PS C:\OCRFORMATION\DEVOPS\PROJET02\OCRDEVOPS_P02\etu-biblio-back> mvn test
[INFO] Scanning for projects...
[INFO]
[INFO] ----------------< com.openclassrooms:etudiant-backend >-----------------
[INFO] Building etudiant-backend 1.0.0-SNAPSHOT
[INFO]   from pom.xml
[INFO] --------------------------------[ jar ]---------------------------------
[INFO]
[INFO] --- resources:3.3.1:resources (default-resources) @ etudiant-backend ---
[INFO] Copying 1 resource from src\main\resources to target\classes
[INFO] Copying 0 resource from src\main\resources to target\classes
[INFO]
[INFO] --- compiler:3.14.0:compile (default-compile) @ etudiant-backend ---
[INFO] Nothing to compile - all classes are up to date.
[INFO]
[INFO] --- resources:3.3.1:testResources (default-testResources) @ etudiant-backend ---
[INFO] skip non existing resourceDirectory C:\OCRFORMATION\DEVOPS\PROJET02\OCRDEVOPS_P02\etu-biblio-back\src\test\resources
[INFO]
[INFO] --- compiler:3.14.0:testCompile (default-testCompile) @ etudiant-backend ---
[INFO] Recompiling the module because of changed source code.
[INFO] Compiling 5 source files with javac [debug parameters release 21] to target\test-classes
[INFO]
[INFO] --- surefire:3.5.3:test (default-test) @ etudiant-backend ---
[INFO] Using auto detected provider org.apache.maven.surefire.junitplatform.JUnitPlatformProvider
[INFO]
[INFO] -------------------------------------------------------
[INFO]  T E S T S
[INFO] -------------------------------------------------------
[INFO] Running com.openclassrooms.etudiant.configuration.security.CustomUserDetailServiceTest
Mockito is currently self-attaching to enable the inline-mock-maker. This will no longer work in future releases of the JDK. Please add Mockito as an agent to your build as described in Mockito's documentation: https://javadoc.io/doc/org.mockito/mockito-core/latest/org.mockito/org/mockito/Mockito.html#0.3
WARNING: A Java agent has been loaded dynamically (C:\Users\snguyen\.m2\repository\net\bytebuddy\byte-buddy-agent\1.17.7\byte-buddy-agent-1.17.7.jar)
WARNING: If a serviceability tool is in use, please run with -XX:+EnableDynamicAgentLoading to hide this warning
WARNING: If a serviceability tool is not in use, please run with -Djdk.instrument.traceUsage for more information
WARNING: Dynamic loading of agents will be disallowed by default in a future release
Java HotSpot(TM) 64-Bit Server VM warning: Sharing is only supported for boot loader classes because bootstrap classpath has been appended
[INFO] Tests run: 2, Failures: 0, Errors: 0, Skipped: 0, Time elapsed: 3.718 s -- in com.openclassrooms.etudiant.configuration.security.CustomUserDetailServiceTest
[INFO] Running com.openclassrooms.etudiant.configuration.security.JwtAuthenticationFilterTest
[INFO] Tests run: 3, Failures: 0, Errors: 0, Skipped: 0, Time elapsed: 0.794 s -- in com.openclassrooms.etudiant.configuration.security.JwtAuthenticationFilterTest
[INFO] Running com.openclassrooms.etudiant.service.JwtServiceTest
[INFO] Tests run: 4, Failures: 0, Errors: 0, Skipped: 0, Time elapsed: 0.934 s -- in com.openclassrooms.etudiant.service.JwtServiceTest
[INFO] Running com.openclassrooms.etudiant.service.StudentServiceTest
[INFO] Tests run: 3, Failures: 0, Errors: 0, Skipped: 0, Time elapsed: 0.166 s -- in com.openclassrooms.etudiant.service.StudentServiceTest
[INFO] Running com.openclassrooms.etudiant.service.UserServiceTest
16:22:56.331 [main] INFO org.springframework.test.context.support.AnnotationConfigContextLoaderUtils -- Could not detect default configuration classes for test class [com.openclassrooms.etudiant.service.UserServiceTest]: UserServiceTest does not declare any static, non-private, non-final, nested classes annotated with @Configuration.
16:22:57.134 [main] INFO com.openclassrooms.etudiant.service.UserService -- Registering new user
16:22:57.147 [main] INFO com.openclassrooms.etudiant.service.UserService -- Registering new user
[INFO] Tests run: 9, Failures: 0, Errors: 0, Skipped: 0, Time elapsed: 1.003 s -- in com.openclassrooms.etudiant.service.UserServiceTest
[INFO]
[INFO] Results:
[INFO]
[INFO] Tests run: 21, Failures: 0, Errors: 0, Skipped: 0
[INFO]
[INFO] ------------------------------------------------------------------------
[INFO] BUILD SUCCESS
[INFO] ------------------------------------------------------------------------
[INFO] Total time:  22.583 s
[INFO] Finished at: 2026-01-23T16:22:57+01:00
[INFO] ------------------------------------------------------------------------